<?xml version="1.0" encoding="UTF-8"?>
<!-- Generated by org.testng.reporters.JUnitXMLReporter -->
<testsuite hostname="ayush-Inspiron-3542" ignored="0" name="Default test" tests="4" failures="0" timestamp="11 Jun 2018 19:38:31 GMT" time="11.858" errors="0">
  <testcase name="addTest" time="1.182" classname="Backbase.ComputerDatabase.ComputerDatabaseTests"/>
  <testcase name="filterTest" time="1.269" classname="Backbase.ComputerDatabase.ComputerDatabaseTests"/>
  <testcase name="editTest" time="1.405" classname="Backbase.ComputerDatabase.ComputerDatabaseTests"/>
  <testcase name="deleteTest" time="1.302" classname="Backbase.ComputerDatabase.ComputerDatabaseTests"/>
</testsuite> <!-- Default test -->
