<?xml version="1.0" encoding="UTF-8"?>
<!-- Generated by org.testng.reporters.JUnitXMLReporter -->
<testsuite hostname="ayush-Inspiron-3542" ignored="0" name="Backbase Computer Database" tests="5" failures="0" timestamp="12 Jun 2018 19:56:45 GMT" time="13.0" errors="0">
  <testcase name="addTest" time="1.187" classname="Backbase.ComputerDatabase.ComputerDatabaseTests"/>
  <testcase name="filterTest" time="1.218" classname="Backbase.ComputerDatabase.ComputerDatabaseTests"/>
  <testcase name="editTest" time="1.378" classname="Backbase.ComputerDatabase.ComputerDatabaseTests"/>
  <testcase name="notAvailableItemTest" time="0.885" classname="Backbase.ComputerDatabase.ComputerDatabaseTests"/>
  <testcase name="deleteTest" time="1.379" classname="Backbase.ComputerDatabase.ComputerDatabaseTests"/>
</testsuite> <!-- Backbase Computer Database -->
