<?xml version="1.0" encoding="UTF-8"?>
<!-- Generated by org.testng.reporters.JUnitXMLReporter -->
<testsuite hostname="ayush-Inspiron-3542" ignored="0" name="Test" tests="5" failures="0" timestamp="12 Jun 2018 19:07:27 GMT" time="13.966" errors="0">
  <testcase name="addTest" time="1.551" classname="Backbase.ComputerDatabase.ComputerDatabaseTests"/>
  <testcase name="filterTest" time="1.357" classname="Backbase.ComputerDatabase.ComputerDatabaseTests"/>
  <testcase name="editTest" time="1.564" classname="Backbase.ComputerDatabase.ComputerDatabaseTests"/>
  <testcase name="checkNonAvailableItem" time="0.997" classname="Backbase.ComputerDatabase.ComputerDatabaseTests"/>
  <testcase name="deleteTest" time="1.459" classname="Backbase.ComputerDatabase.ComputerDatabaseTests"/>
</testsuite> <!-- Test -->
